<?xml version="1.0" encoding="UTF-8"?>
<!-- Generated by org.testng.reporters.JUnitXMLReporter -->
<testsuite hostname="LAPTOP-IKGRIVOR" ignored="0" name="Default test" tests="1" failures="0" timestamp="08 Jan 2021 11:44:11 GMT" time="17.061" errors="0">
  <testcase name="@BeforeMethod startbrowser" time="17.001" classname="test.Calendar">
    <failure type="org.openqa.selenium.SessionNotCreatedException" message="session not created: This version of ChromeDriver only supports Chrome version 80
Build info: version: &amp;apos;3.14.0&amp;apos;, revision: &amp;apos;aacccce0&amp;apos;, time: &amp;apos;2018-08-02T20:19:58.91Z&amp;apos;
System info: host: &amp;apos;LAPTOP-IKGRIVOR&amp;apos;, ip: &amp;apos;192.168.1.11&amp;apos;, os.name: &amp;apos;Windows 10&amp;apos;, os.arch: &amp;apos;amd64&amp;apos;, os.version: &amp;apos;10.0&amp;apos;, java.version: &amp;apos;1.8.0_261&amp;apos;
Driver info: driver.version: ChromeDriver
remote stacktrace: Backtrace:
	Ordinal0 [0x005D0C83+1707139]
	Ordinal0 [0x005368F1+1075441]
	Ordinal0 [0x004ADFC9+516041]
	Ordinal0 [0x00440554+66900]
	Ordinal0 [0x0043CCE2+52450]
	Ordinal0 [0x0045BFD7+180183]
	Ordinal0 [0x0045BDDD+179677]
	Ordinal0 [0x00459D4B+171339]
	Ordinal0 [0x00441D4A+73034]
	Ordinal0 [0x00442DC0+77248]
	Ordinal0 [0x00442D59+77145]
	Ordinal0 [0x0054BB67+1162087]
	GetHandleVerifier [0x0066A966+508998]
	GetHandleVerifier [0x0066A6A4+508292]
	GetHandleVerifier [0x0067F7B7+594583]
	GetHandleVerifier [0x0066B1D6+511158]
	Ordinal0 [0x0054402C+1130540]
	Ordinal0 [0x0054D4CB+1168587]
	Ordinal0 [0x0054D633+1168947]
	Ordinal0 [0x00565B35+1268533]
	BaseThreadInitThunk [0x76176359+25]
	RtlGetAppContainerNamedObjectPath [0x77398944+228]
	RtlGetAppContainerNamedObjectPath [0x77398914+180]
">
      <![CDATA[org.openqa.selenium.SessionNotCreatedException: session not created: This version of ChromeDriver only supports Chrome version 80
Build info: version: '3.14.0', revision: 'aacccce0', time: '2018-08-02T20:19:58.91Z'
System info: host: 'LAPTOP-IKGRIVOR', ip: '192.168.1.11', os.name: 'Windows 10', os.arch: 'amd64', os.version: '10.0', java.version: '1.8.0_261'
Driver info: driver.version: ChromeDriver
remote stacktrace: Backtrace:
Ordinal0 [0x005D0C83+1707139]
Ordinal0 [0x005368F1+1075441]
Ordinal0 [0x004ADFC9+516041]
Ordinal0 [0x00440554+66900]
Ordinal0 [0x0043CCE2+52450]
Ordinal0 [0x0045BFD7+180183]
Ordinal0 [0x0045BDDD+179677]
Ordinal0 [0x00459D4B+171339]
Ordinal0 [0x00441D4A+73034]
Ordinal0 [0x00442DC0+77248]
Ordinal0 [0x00442D59+77145]
Ordinal0 [0x0054BB67+1162087]
GetHandleVerifier [0x0066A966+508998]
GetHandleVerifier [0x0066A6A4+508292]
GetHandleVerifier [0x0067F7B7+594583]
GetHandleVerifier [0x0066B1D6+511158]
Ordinal0 [0x0054402C+1130540]
Ordinal0 [0x0054D4CB+1168587]
Ordinal0 [0x0054D633+1168947]
Ordinal0 [0x00565B35+1268533]
BaseThreadInitThunk [0x76176359+25]
RtlGetAppContainerNamedObjectPath [0x77398944+228]
RtlGetAppContainerNamedObjectPath [0x77398914+180]

at sun.reflect.NativeConstructorAccessorImpl.newInstance0(Native Method)
at sun.reflect.NativeConstructorAccessorImpl.newInstance(NativeConstructorAccessorImpl.java:62)
at sun.reflect.DelegatingConstructorAccessorImpl.newInstance(DelegatingConstructorAccessorImpl.java:45)
at java.lang.reflect.Constructor.newInstance(Constructor.java:423)
at org.openqa.selenium.remote.W3CHandshakeResponse.lambda$new$0(W3CHandshakeResponse.java:57)
at org.openqa.selenium.remote.W3CHandshakeResponse.lambda$getResponseFunction$2(W3CHandshakeResponse.java:104)
at org.openqa.selenium.remote.ProtocolHandshake.lambda$createSession$0(ProtocolHandshake.java:122)
at java.util.stream.ReferencePipeline$3$1.accept(ReferencePipeline.java:193)
at java.util.Spliterators$ArraySpliterator.tryAdvance(Spliterators.java:958)
at java.util.stream.ReferencePipeline.forEachWithCancel(ReferencePipeline.java:126)
at java.util.stream.AbstractPipeline.copyIntoWithCancel(AbstractPipeline.java:499)
at java.util.stream.AbstractPipeline.copyInto(AbstractPipeline.java:486)
at java.util.stream.AbstractPipeline.wrapAndCopyInto(AbstractPipeline.java:472)
at java.util.stream.FindOps$FindOp.evaluateSequential(FindOps.java:152)
at java.util.stream.AbstractPipeline.evaluate(AbstractPipeline.java:234)
at java.util.stream.ReferencePipeline.findFirst(ReferencePipeline.java:464)
at org.openqa.selenium.remote.ProtocolHandshake.createSession(ProtocolHandshake.java:125)
at org.openqa.selenium.remote.ProtocolHandshake.createSession(ProtocolHandshake.java:73)
at org.openqa.selenium.remote.HttpCommandExecutor.execute(HttpCommandExecutor.java:136)
at org.openqa.selenium.remote.service.DriverCommandExecutor.execute(DriverCommandExecutor.java:83)
at org.openqa.selenium.remote.RemoteWebDriver.execute(RemoteWebDriver.java:548)
at org.openqa.selenium.remote.RemoteWebDriver.startSession(RemoteWebDriver.java:212)
at org.openqa.selenium.remote.RemoteWebDriver.<init>(RemoteWebDriver.java:130)
at org.openqa.selenium.chrome.ChromeDriver.<init>(ChromeDriver.java:181)
at org.openqa.selenium.chrome.ChromeDriver.<init>(ChromeDriver.java:168)
at org.openqa.selenium.chrome.ChromeDriver.<init>(ChromeDriver.java:123)
at test.Calendar.startbrowser(Calendar.java:23)
at sun.reflect.NativeMethodAccessorImpl.invoke0(Native Method)
at sun.reflect.NativeMethodAccessorImpl.invoke(NativeMethodAccessorImpl.java:62)
at sun.reflect.DelegatingMethodAccessorImpl.invoke(DelegatingMethodAccessorImpl.java:43)
at java.lang.reflect.Method.invoke(Method.java:498)
at org.testng.internal.MethodInvocationHelper.invokeMethod(MethodInvocationHelper.java:124)
at org.testng.internal.MethodInvocationHelper.invokeMethodConsideringTimeout(MethodInvocationHelper.java:59)
at org.testng.internal.Invoker.invokeConfigurationMethod(Invoker.java:458)
at org.testng.internal.Invoker.invokeConfigurations(Invoker.java:222)
at org.testng.internal.Invoker.invokeMethod(Invoker.java:523)
at org.testng.internal.Invoker.invokeTestMethod(Invoker.java:719)
at org.testng.internal.Invoker.invokeTestMethods(Invoker.java:989)
at org.testng.internal.TestMethodWorker.invokeTestMethods(TestMethodWorker.java:125)
at org.testng.internal.TestMethodWorker.run(TestMethodWorker.java:109)
at org.testng.TestRunner.privateRun(TestRunner.java:648)
at org.testng.TestRunner.run(TestRunner.java:505)
at org.testng.SuiteRunner.runTest(SuiteRunner.java:455)
at org.testng.SuiteRunner.runSequentially(SuiteRunner.java:450)
at org.testng.SuiteRunner.privateRun(SuiteRunner.java:415)
at org.testng.SuiteRunner.run(SuiteRunner.java:364)
at org.testng.SuiteRunnerWorker.runSuite(SuiteRunnerWorker.java:52)
at org.testng.SuiteRunnerWorker.run(SuiteRunnerWorker.java:84)
at org.testng.TestNG.runSuitesSequentially(TestNG.java:1208)
at org.testng.TestNG.runSuitesLocally(TestNG.java:1137)
at org.testng.TestNG.runSuites(TestNG.java:1049)
at org.testng.TestNG.run(TestNG.java:1017)
at org.testng.remote.AbstractRemoteTestNG.run(AbstractRemoteTestNG.java:115)
at org.testng.remote.RemoteTestNG.initAndRun(RemoteTestNG.java:251)
at org.testng.remote.RemoteTestNG.main(RemoteTestNG.java:77)
]]>
    </failure>
  </testcase> <!-- @BeforeMethod startbrowser -->
  <testcase name="test" time="0.0" classname="test.Calendar">
    <skipped/>
  </testcase> <!-- test -->
</testsuite> <!-- Default test -->
